# JRE version: OpenJDK Runtime Environment (11.0.11) (build 11.0.11+0-b60-7590822)
# Java VM: OpenJDK 64-Bit Server VM (11.0.11+0-b60-7590822, mixed mode, tiered, compressed oops, g1 gc, linux-amd64)
Heap:
 garbage-first heap   total 654336K, used 229656K [0x0000000080000000, 0x0000000100000000)
  region size 1024K, 3 young (3072K), 3 survivors (3072K)
 Metaspace       used 137143K, capacity 140633K, committed 140756K, reserved 1171456K
  class space    used 16918K, capacity 18226K, committed 18304K, reserved 1048576K
GC Heap History (20 events):
Event: 59,208 GC heap after
{Heap after GC invocations=37 (full 0):
 garbage-first heap   total 360448K, used 274432K [0x0000000080000000, 0x0000000100000000)
  region size 1024K, 6 young (6144K), 6 survivors (6144K)
 Metaspace       used 133561K, capacity 136696K, committed 136916K, reserved 1169408K
  class space    used 16391K, capacity 17521K, committed 17536K, reserved 1048576K
}
Event: 59,286 GC heap before
{Heap before GC invocations=37 (full 0):
 garbage-first heap   total 360448K, used 294912K [0x0000000080000000, 0x0000000100000000)
  region size 1024K, 26 young (26624K), 6 survivors (6144K)
 Metaspace       used 133591K, capacity 136699K, committed 136916K, reserved 1169408K
  class space    used 16391K, capacity 17521K, committed 17536K, reserved 1048576K
}
Event: 59,303 GC heap after
{Heap after GC invocations=38 (full 0):
 garbage-first heap   total 360448K, used 276992K [0x0000000080000000, 0x0000000100000000)
  region size 1024K, 2 young (2048K), 2 survivors (2048K)
 Metaspace       used 133591K, capacity 136699K, committed 136916K, reserved 1169408K
  class space    used 16391K, capacity 17521K, committed 17536K, reserved 1048576K
}
Event: 59,437 GC heap before
{Heap before GC invocations=38 (full 0):
 garbage-first heap   total 360448K, used 298496K [0x0000000080000000, 0x0000000100000000)
  region size 1024K, 23 young (23552K), 2 survivors (2048K)
 Metaspace       used 133603K, capacity 136708K, committed 136916K, reserved 1169408K
  class space    used 16393K, capacity 17524K, committed 17536K, reserved 1048576K
}
Event: 59,479 GC heap after
{Heap after GC invocations=39 (full 0):
 garbage-first heap   total 360448K, used 294912K [0x0000000080000000, 0x0000000100000000)
  region size 1024K, 3 young (3072K), 3 survivors (3072K)
 Metaspace       used 133603K, capacity 136708K, committed 136916K, reserved 1169408K
  class space    used 16393K, capacity 17524K, committed 17536K, reserved 1048576K
}
Event: 59,520 GC heap before
{Heap before GC invocations=39 (full 0):
 garbage-first heap   total 360448K, used 309248K [0x0000000080000000, 0x0000000100000000)
  region size 1024K, 17 young (17408K), 3 survivors (3072K)
 Metaspace       used 133603K, capacity 136708K, committed 136916K, reserved 1169408K
  class space    used 16393K, capacity 17524K, committed 17536K, reserved 1048576K
}
Event: 59,551 GC heap after
{Heap after GC invocations=40 (full 0):
 garbage-first heap   total 360448K, used 305664K [0x0000000080000000, 0x0000000100000000)
  region size 1024K, 3 young (3072K), 3 survivors (3072K)
 Metaspace       used 133603K, capacity 136708K, committed 136916K, reserved 1169408K
  class space    used 16393K, capacity 17524K, committed 17536K, reserved 1048576K
}
Event: 59,826 GC heap before
{Heap before GC invocations=40 (full 0):
 garbage-first heap   total 360448K, used 252416K [0x0000000080000000, 0x0000000100000000)
  region size 1024K, 17 young (17408K), 3 survivors (3072K)
 Metaspace       used 134091K, capacity 137329K, committed 137556K, reserved 1169408K
  class space    used 16466K, capacity 17645K, committed 17664K, reserved 1048576K
}
Event: 59,839 GC heap after
{Heap after GC invocations=41 (full 0):
 garbage-first heap   total 360448K, used 240525K [0x0000000080000000, 0x0000000100000000)
  region size 1024K, 2 young (2048K), 2 survivors (2048K)
 Metaspace       used 134091K, capacity 137329K, committed 137556K, reserved 1169408K
  class space    used 16466K, capacity 17645K, committed 17664K, reserved 1048576K
}
Event: 60,448 GC heap before
{Heap before GC invocations=42 (full 0):
 garbage-first heap   total 360448K, used 275341K [0x0000000080000000, 0x0000000100000000)
  region size 1024K, 36 young (36864K), 2 survivors (2048K)
 Metaspace       used 136850K, capacity 140461K, committed 140756K, reserved 1171456K
  class space    used 16907K, capacity 18219K, committed 18304K, reserved 1048576K
}
Event: 60,461 GC heap after
{Heap after GC invocations=43 (full 0):
 garbage-first heap   total 360448K, used 241567K [0x0000000080000000, 0x0000000100000000)
  region size 1024K, 3 young (3072K), 3 survivors (3072K)
 Metaspace       used 136850K, capacity 140461K, committed 140756K, reserved 1171456K
  class space    used 16907K, capacity 18219K, committed 18304K, reserved 1048576K
}
Event: 60,580 GC heap before
{Heap before GC invocations=43 (full 0):
 garbage-first heap   total 360448K, used 255903K [0x0000000080000000, 0x0000000100000000)
  region size 1024K, 17 young (17408K), 3 survivors (3072K)
 Metaspace       used 136914K, capacity 140529K, committed 140756K, reserved 1171456K
  class space    used 16907K, capacity 18219K, committed 18304K, reserved 1048576K
}
Event: 60,596 GC heap after
{Heap after GC invocations=44 (full 0):
 garbage-first heap   total 360448K, used 222975K [0x0000000080000000, 0x0000000100000000)
  region size 1024K, 3 young (3072K), 3 survivors (3072K)
 Metaspace       used 136914K, capacity 140529K, committed 140756K, reserved 1171456K
  class space    used 16907K, capacity 18219K, committed 18304K, reserved 1048576K
}
Event: 60,754 GC heap before
{Heap before GC invocations=44 (full 0):
 garbage-first heap   total 360448K, used 270079K [0x0000000080000000, 0x0000000100000000)
  region size 1024K, 49 young (50176K), 3 survivors (3072K)
 Metaspace       used 136960K, capacity 140530K, committed 140756K, reserved 1171456K
  class space    used 16907K, capacity 18219K, committed 18304K, reserved 1048576K
}
Event: 60,795 GC heap after
{Heap after GC invocations=45 (full 0):
 garbage-first heap   total 360448K, used 249856K [0x0000000080000000, 0x0000000100000000)
  region size 1024K, 7 young (7168K), 7 survivors (7168K)
 Metaspace       used 136960K, capacity 140530K, committed 140756K, reserved 1171456K
  class space    used 16907K, capacity 18219K, committed 18304K, reserved 1048576K
}
Event: 60,957 GC heap before
{Heap before GC invocations=45 (full 0):
 garbage-first heap   total 360448K, used 280576K [0x0000000080000000, 0x0000000100000000)
  region size 1024K, 37 young (37888K), 7 survivors (7168K)
 Metaspace       used 136983K, capacity 140530K, committed 140756K, reserved 1171456K
  class space    used 16907K, capacity 18219K, committed 18304K, reserved 1048576K
}
Event: 60,992 GC heap after
{Heap after GC invocations=46 (full 0):
 garbage-first heap   total 360448K, used 255488K [0x0000000080000000, 0x0000000100000000)
  region size 1024K, 5 young (5120K), 5 survivors (5120K)
 Metaspace       used 136983K, capacity 140530K, committed 140756K, reserved 1171456K
  class space    used 16907K, capacity 18219K, committed 18304K, reserved 1048576K
}
Event: 61,078 GC heap before
{Heap before GC invocations=46 (full 0):
 garbage-first heap   total 360448K, used 285184K [0x0000000080000000, 0x0000000100000000)
  region size 1024K, 34 young (34816K), 5 survivors (5120K)
 Metaspace       used 137022K, capacity 140594K, committed 140756K, reserved 1171456K
  class space    used 16908K, capacity 18219K, committed 18304K, reserved 1048576K
}
Event: 61,084 GC heap after
{Heap after GC invocations=47 (full 0):
 garbage-first heap   total 360448K, used 253440K [0x0000000080000000, 0x0000000100000000)
  region size 1024K, 1 young (1024K), 1 survivors (1024K)
 Metaspace       used 137022K, capacity 140594K, committed 140756K, reserved 1171456K
  class space    used 16908K, capacity 18219K, committed 18304K, reserved 1048576K
}
Event: 61,466 GC heap before
{Heap before GC invocations=47 (full 0):
 garbage-first heap   total 360448K, used 263680K [0x0000000080000000, 0x0000000100000000)
  region size 1024K, 35 young (35840K), 1 survivors (1024K)
 Metaspace       used 137143K, capacity 140633K, committed 140756K, reserved 1171456K
  class space    used 16918K, capacity 18226K, committed 18304K, reserved 1048576K
}

