# JRE version: OpenJDK Runtime Environment (11.0.11) (build 11.0.11+0-b60-7590822)
# Java VM: OpenJDK 64-Bit Server VM (11.0.11+0-b60-7590822, mixed mode, tiered, compressed oops, g1 gc, linux-amd64)
Heap:
 garbage-first heap   total 728064K, used 182616K [0x0000000080000000, 0x0000000100000000)
  region size 1024K, 1 young (1024K), 1 survivors (1024K)
 Metaspace       used 129341K, capacity 132655K, committed 132776K, reserved 1165312K
  class space    used 16136K, capacity 17334K, committed 17356K, reserved 1048576K
GC Heap History (20 events):
Event: 33,975 GC heap after
{Heap after GC invocations=32 (full 0):
 garbage-first heap   total 350208K, used 168960K [0x0000000080000000, 0x0000000100000000)
  region size 1024K, 4 young (4096K), 4 survivors (4096K)
 Metaspace       used 124158K, capacity 126909K, committed 127016K, reserved 1159168K
  class space    used 15412K, capacity 16444K, committed 16460K, reserved 1048576K
}
Event: 34,654 GC heap before
{Heap before GC invocations=32 (full 0):
 garbage-first heap   total 350208K, used 235520K [0x0000000080000000, 0x0000000100000000)
  region size 1024K, 69 young (70656K), 4 survivors (4096K)
 Metaspace       used 124416K, capacity 127205K, committed 127528K, reserved 1161216K
  class space    used 15418K, capacity 16453K, committed 16460K, reserved 1048576K
}
Event: 34,718 GC heap after
{Heap after GC invocations=33 (full 0):
 garbage-first heap   total 350208K, used 197529K [0x0000000080000000, 0x0000000100000000)
  region size 1024K, 9 young (9216K), 9 survivors (9216K)
 Metaspace       used 124416K, capacity 127205K, committed 127528K, reserved 1161216K
  class space    used 15418K, capacity 16453K, committed 16460K, reserved 1048576K
}
Event: 35,323 GC heap before
{Heap before GC invocations=33 (full 0):
 garbage-first heap   total 350208K, used 250777K [0x0000000080000000, 0x0000000100000000)
  region size 1024K, 61 young (62464K), 9 survivors (9216K)
 Metaspace       used 125022K, capacity 127871K, committed 128168K, reserved 1161216K
  class space    used 15485K, capacity 16525K, committed 16588K, reserved 1048576K
}
Event: 35,379 GC heap after
{Heap after GC invocations=34 (full 0):
 garbage-first heap   total 350208K, used 217600K [0x0000000080000000, 0x0000000100000000)
  region size 1024K, 8 young (8192K), 8 survivors (8192K)
 Metaspace       used 125022K, capacity 127871K, committed 128168K, reserved 1161216K
  class space    used 15485K, capacity 16525K, committed 16588K, reserved 1048576K
}
Event: 35,690 GC heap before
{Heap before GC invocations=35 (full 0):
 garbage-first heap   total 350208K, used 260608K [0x0000000080000000, 0x0000000100000000)
  region size 1024K, 50 young (51200K), 8 survivors (8192K)
 Metaspace       used 125657K, capacity 128597K, committed 128808K, reserved 1161216K
  class space    used 15591K, capacity 16659K, committed 16716K, reserved 1048576K
}
Event: 35,748 GC heap after
{Heap after GC invocations=36 (full 0):
 garbage-first heap   total 350208K, used 229376K [0x0000000080000000, 0x0000000100000000)
  region size 1024K, 7 young (7168K), 7 survivors (7168K)
 Metaspace       used 125657K, capacity 128597K, committed 128808K, reserved 1161216K
  class space    used 15591K, capacity 16659K, committed 16716K, reserved 1048576K
}
Event: 35,891 GC heap before
{Heap before GC invocations=36 (full 0):
 garbage-first heap   total 350208K, used 268288K [0x0000000080000000, 0x0000000100000000)
  region size 1024K, 45 young (46080K), 7 survivors (7168K)
 Metaspace       used 125691K, capacity 128613K, committed 128808K, reserved 1161216K
  class space    used 15592K, capacity 16661K, committed 16716K, reserved 1048576K
}
Event: 35,935 GC heap after
{Heap after GC invocations=37 (full 0):
 garbage-first heap   total 350208K, used 258048K [0x0000000080000000, 0x0000000100000000)
  region size 1024K, 6 young (6144K), 6 survivors (6144K)
 Metaspace       used 125691K, capacity 128613K, committed 128808K, reserved 1161216K
  class space    used 15592K, capacity 16661K, committed 16716K, reserved 1048576K
}
Event: 36,087 GC heap before
{Heap before GC invocations=37 (full 0):
 garbage-first heap   total 350208K, used 281600K [0x0000000080000000, 0x0000000100000000)
  region size 1024K, 29 young (29696K), 6 survivors (6144K)
 Metaspace       used 125730K, capacity 128686K, committed 128808K, reserved 1161216K
  class space    used 15594K, capacity 16664K, committed 16716K, reserved 1048576K
}
Event: 36,107 GC heap after
{Heap after GC invocations=38 (full 0):
 garbage-first heap   total 471040K, used 260096K [0x0000000080000000, 0x0000000100000000)
  region size 1024K, 2 young (2048K), 2 survivors (2048K)
 Metaspace       used 125730K, capacity 128686K, committed 128808K, reserved 1161216K
  class space    used 15594K, capacity 16664K, committed 16716K, reserved 1048576K
}
Event: 36,974 GC heap before
{Heap before GC invocations=39 (full 0):
 garbage-first heap   total 471040K, used 252928K [0x0000000080000000, 0x0000000100000000)
  region size 1024K, 65 young (66560K), 2 survivors (2048K)
 Metaspace       used 128179K, capacity 131405K, committed 131624K, reserved 1163264K
  class space    used 15993K, capacity 17164K, committed 17228K, reserved 1048576K
}
Event: 37,037 GC heap after
{Heap after GC invocations=40 (full 0):
 garbage-first heap   total 471040K, used 218112K [0x0000000080000000, 0x0000000100000000)
  region size 1024K, 9 young (9216K), 9 survivors (9216K)
 Metaspace       used 128179K, capacity 131405K, committed 131624K, reserved 1163264K
  class space    used 15993K, capacity 17164K, committed 17228K, reserved 1048576K
}
Event: 37,306 GC heap before
{Heap before GC invocations=40 (full 0):
 garbage-first heap   total 471040K, used 232448K [0x0000000080000000, 0x0000000100000000)
  region size 1024K, 23 young (23552K), 9 survivors (9216K)
 Metaspace       used 128930K, capacity 132279K, committed 132520K, reserved 1165312K
  class space    used 16107K, capacity 17327K, committed 17356K, reserved 1048576K
}
Event: 37,361 GC heap after
{Heap after GC invocations=41 (full 0):
 garbage-first heap   total 471040K, used 216576K [0x0000000080000000, 0x0000000100000000)
  region size 1024K, 1 young (1024K), 1 survivors (1024K)
 Metaspace       used 128930K, capacity 132279K, committed 132520K, reserved 1165312K
  class space    used 16107K, capacity 17327K, committed 17356K, reserved 1048576K
}
Event: 37,696 GC heap before
{Heap before GC invocations=41 (full 0):
 garbage-first heap   total 471040K, used 299520K [0x0000000080000000, 0x0000000100000000)
  region size 1024K, 82 young (83968K), 1 survivors (1024K)
 Metaspace       used 129014K, capacity 132345K, committed 132520K, reserved 1165312K
  class space    used 16107K, capacity 17327K, committed 17356K, reserved 1048576K
}
Event: 37,765 GC heap after
{Heap after GC invocations=42 (full 0):
 garbage-first heap   total 471040K, used 245760K [0x0000000080000000, 0x0000000100000000)
  region size 1024K, 11 young (11264K), 11 survivors (11264K)
 Metaspace       used 129014K, capacity 132345K, committed 132520K, reserved 1165312K
  class space    used 16107K, capacity 17327K, committed 17356K, reserved 1048576K
}
Event: 38,514 GC heap before
{Heap before GC invocations=43 (full 0):
 garbage-first heap   total 471040K, used 268288K [0x0000000080000000, 0x0000000100000000)
  region size 1024K, 83 young (84992K), 11 survivors (11264K)
 Metaspace       used 129318K, capacity 132655K, committed 132776K, reserved 1165312K
  class space    used 16136K, capacity 17334K, committed 17356K, reserved 1048576K
}
Event: 38,557 GC heap after
{Heap after GC invocations=44 (full 0):
 garbage-first heap   total 471040K, used 190976K [0x0000000080000000, 0x0000000100000000)
  region size 1024K, 4 young (4096K), 4 survivors (4096K)
 Metaspace       used 129318K, capacity 132655K, committed 132776K, reserved 1165312K
  class space    used 16136K, capacity 17334K, committed 17356K, reserved 1048576K
}
Event: 38,720 GC heap before
{Heap before GC invocations=44 (full 0):
 garbage-first heap   total 471040K, used 210432K [0x0000000080000000, 0x0000000100000000)
  region size 1024K, 23 young (23552K), 4 survivors (4096K)
 Metaspace       used 129341K, capacity 132655K, committed 132776K, reserved 1165312K
  class space    used 16136K, capacity 17334K, committed 17356K, reserved 1048576K
}

