# JRE version: OpenJDK Runtime Environment (11.0.11) (build 11.0.11+0-b60-7590822)
# Java VM: OpenJDK 64-Bit Server VM (11.0.11+0-b60-7590822, mixed mode, tiered, compressed oops, g1 gc, linux-amd64)
Heap:
 garbage-first heap   total 940032K, used 275456K [0x0000000080000000, 0x0000000100000000)
  region size 1024K, 2 young (2048K), 2 survivors (2048K)
 Metaspace       used 140090K, capacity 143915K, committed 144076K, reserved 1175552K
  class space    used 17127K, capacity 18534K, committed 18636K, reserved 1048576K
GC Heap History (20 events):
Event: 80,892 GC heap after
{Heap after GC invocations=39 (full 0):
 garbage-first heap   total 315392K, used 180568K [0x0000000080000000, 0x0000000100000000)
  region size 1024K, 13 young (13312K), 13 survivors (13312K)
 Metaspace       used 134905K, capacity 138116K, committed 138444K, reserved 1169408K
  class space    used 16356K, capacity 17543K, committed 17612K, reserved 1048576K
}
Event: 80,946 GC heap before
{Heap before GC invocations=39 (full 0):
 garbage-first heap   total 315392K, used 182616K [0x0000000080000000, 0x0000000100000000)
  region size 1024K, 15 young (15360K), 13 survivors (13312K)
 Metaspace       used 135205K, capacity 138429K, committed 138572K, reserved 1169408K
  class space    used 16415K, capacity 17627K, committed 17740K, reserved 1048576K
}
Event: 80,969 GC heap after
{Heap after GC invocations=40 (full 0):
 garbage-first heap   total 315392K, used 180736K [0x0000000080000000, 0x0000000100000000)
  region size 1024K, 1 young (1024K), 1 survivors (1024K)
 Metaspace       used 135205K, capacity 138429K, committed 138572K, reserved 1169408K
  class space    used 16415K, capacity 17627K, committed 17740K, reserved 1048576K
}
Event: 81,603 GC heap before
{Heap before GC invocations=40 (full 0):
 garbage-first heap   total 315392K, used 250368K [0x0000000080000000, 0x0000000100000000)
  region size 1024K, 69 young (70656K), 1 survivors (1024K)
 Metaspace       used 135669K, capacity 138931K, committed 139084K, reserved 1171456K
  class space    used 16457K, capacity 17666K, committed 17740K, reserved 1048576K
}
Event: 81,683 GC heap after
{Heap after GC invocations=41 (full 0):
 garbage-first heap   total 315392K, used 209920K [0x0000000080000000, 0x0000000100000000)
  region size 1024K, 9 young (9216K), 9 survivors (9216K)
 Metaspace       used 135669K, capacity 138931K, committed 139084K, reserved 1171456K
  class space    used 16457K, capacity 17666K, committed 17740K, reserved 1048576K
}
Event: 82,316 GC heap before
{Heap before GC invocations=41 (full 0):
 garbage-first heap   total 315392K, used 248832K [0x0000000080000000, 0x0000000100000000)
  region size 1024K, 47 young (48128K), 9 survivors (9216K)
 Metaspace       used 136054K, capacity 139384K, committed 139596K, reserved 1171456K
  class space    used 16504K, capacity 17732K, committed 17740K, reserved 1048576K
}
Event: 82,352 GC heap after
{Heap after GC invocations=42 (full 0):
 garbage-first heap   total 315392K, used 230400K [0x0000000080000000, 0x0000000100000000)
  region size 1024K, 6 young (6144K), 6 survivors (6144K)
 Metaspace       used 136054K, capacity 139384K, committed 139596K, reserved 1171456K
  class space    used 16504K, capacity 17732K, committed 17740K, reserved 1048576K
}
Event: 82,549 GC heap before
{Heap before GC invocations=42 (full 0):
 garbage-first heap   total 315392K, used 228352K [0x0000000080000000, 0x0000000100000000)
  region size 1024K, 29 young (29696K), 6 survivors (6144K)
 Metaspace       used 136085K, capacity 139450K, committed 139596K, reserved 1171456K
  class space    used 16504K, capacity 17732K, committed 17740K, reserved 1048576K
}
Event: 82,596 GC heap after
{Heap after GC invocations=43 (full 0):
 garbage-first heap   total 315392K, used 216576K [0x0000000080000000, 0x0000000100000000)
  region size 1024K, 4 young (4096K), 4 survivors (4096K)
 Metaspace       used 136085K, capacity 139450K, committed 139596K, reserved 1171456K
  class space    used 16504K, capacity 17732K, committed 17740K, reserved 1048576K
}
Event: 82,924 GC heap before
{Heap before GC invocations=44 (full 0):
 garbage-first heap   total 315392K, used 247296K [0x0000000080000000, 0x0000000100000000)
  region size 1024K, 34 young (34816K), 4 survivors (4096K)
 Metaspace       used 136782K, capacity 140178K, committed 140236K, reserved 1171456K
  class space    used 16610K, capacity 17866K, committed 17868K, reserved 1048576K
}
Event: 82,951 GC heap after
{Heap after GC invocations=45 (full 0):
 garbage-first heap   total 315392K, used 234496K [0x0000000080000000, 0x0000000100000000)
  region size 1024K, 5 young (5120K), 5 survivors (5120K)
 Metaspace       used 136782K, capacity 140178K, committed 140236K, reserved 1171456K
  class space    used 16610K, capacity 17866K, committed 17868K, reserved 1048576K
}
Event: 82,978 GC heap before
{Heap before GC invocations=45 (full 0):
 garbage-first heap   total 315392K, used 243712K [0x0000000080000000, 0x0000000100000000)
  region size 1024K, 15 young (15360K), 5 survivors (5120K)
 Metaspace       used 136782K, capacity 140178K, committed 140236K, reserved 1171456K
  class space    used 16610K, capacity 17866K, committed 17868K, reserved 1048576K
}
Event: 83,052 GC heap after
{Heap after GC invocations=46 (full 0):
 garbage-first heap   total 378880K, used 238592K [0x0000000080000000, 0x0000000100000000)
  region size 1024K, 2 young (2048K), 2 survivors (2048K)
 Metaspace       used 136782K, capacity 140178K, committed 140236K, reserved 1171456K
  class space    used 16610K, capacity 17866K, committed 17868K, reserved 1048576K
}
Event: 83,386 GC heap before
{Heap before GC invocations=46 (full 0):
 garbage-first heap   total 378880K, used 280576K [0x0000000080000000, 0x0000000100000000)
  region size 1024K, 43 young (44032K), 2 survivors (2048K)
 Metaspace       used 136873K, capacity 140256K, committed 140620K, reserved 1171456K
  class space    used 16612K, capacity 17869K, committed 17996K, reserved 1048576K
}
Event: 83,419 GC heap after
{Heap after GC invocations=47 (full 0):
 garbage-first heap   total 378880K, used 262656K [0x0000000080000000, 0x0000000100000000)
  region size 1024K, 6 young (6144K), 6 survivors (6144K)
 Metaspace       used 136873K, capacity 140256K, committed 140620K, reserved 1171456K
  class space    used 16612K, capacity 17869K, committed 17996K, reserved 1048576K
}
Event: 83,774 GC heap before
{Heap before GC invocations=47 (full 0):
 garbage-first heap   total 378880K, used 293376K [0x0000000080000000, 0x0000000100000000)
  region size 1024K, 36 young (36864K), 6 survivors (6144K)
 Metaspace       used 137871K, capacity 141429K, committed 141516K, reserved 1173504K
  class space    used 16763K, capacity 18069K, committed 18124K, reserved 1048576K
}
Event: 83,818 GC heap after
{Heap after GC invocations=48 (full 0):
 garbage-first heap   total 378880K, used 272896K [0x0000000080000000, 0x0000000100000000)
  region size 1024K, 5 young (5120K), 5 survivors (5120K)
 Metaspace       used 137871K, capacity 141429K, committed 141516K, reserved 1173504K
  class space    used 16763K, capacity 18069K, committed 18124K, reserved 1048576K
}
Event: 85,951 GC heap before
{Heap before GC invocations=48 (full 0):
 garbage-first heap   total 378880K, used 300544K [0x0000000080000000, 0x0000000100000000)
  region size 1024K, 32 young (32768K), 5 survivors (5120K)
 Metaspace       used 140068K, capacity 143913K, committed 144076K, reserved 1175552K
  class space    used 17127K, capacity 18534K, committed 18636K, reserved 1048576K
}
Event: 86,557 GC heap after
{Heap after GC invocations=49 (full 0):
 garbage-first heap   total 378880K, used 274431K [0x0000000080000000, 0x0000000100000000)
  region size 1024K, 1 young (1024K), 1 survivors (1024K)
 Metaspace       used 140068K, capacity 143913K, committed 144076K, reserved 1175552K
  class space    used 17127K, capacity 18534K, committed 18636K, reserved 1048576K
}
Event: 87,384 GC heap before
{Heap before GC invocations=49 (full 0):
 garbage-first heap   total 378880K, used 291839K [0x0000000080000000, 0x0000000100000000)
  region size 1024K, 18 young (18432K), 1 survivors (1024K)
 Metaspace       used 140090K, capacity 143915K, committed 144076K, reserved 1175552K
  class space    used 17127K, capacity 18534K, committed 18636K, reserved 1048576K
}

