# JRE version: OpenJDK Runtime Environment (11.0.11) (build 11.0.11+0-b60-7590822)
# Java VM: OpenJDK 64-Bit Server VM (11.0.11+0-b60-7590822, mixed mode, tiered, compressed oops, g1 gc, linux-amd64)
Heap:
 garbage-first heap   total 444416K, used 128000K [0x0000000080000000, 0x0000000100000000)
  region size 1024K, 2 young (2048K), 2 survivors (2048K)
 Metaspace       used 109611K, capacity 112116K, committed 112348K, reserved 1146880K
  class space    used 13684K, capacity 14625K, committed 14720K, reserved 1048576K
GC Heap History (20 events):
Event: 15,998 GC heap after
{Heap after GC invocations=20 (full 0):
 garbage-first heap   total 244736K, used 78336K [0x0000000080000000, 0x0000000100000000)
  region size 1024K, 14 young (14336K), 14 survivors (14336K)
 Metaspace       used 85854K, capacity 87880K, committed 88156K, reserved 1126400K
  class space    used 11137K, capacity 11917K, committed 12032K, reserved 1048576K
}
Event: 17,532 GC heap before
{Heap before GC invocations=20 (full 0):
 garbage-first heap   total 244736K, used 182784K [0x0000000080000000, 0x0000000100000000)
  region size 1024K, 114 young (116736K), 14 survivors (14336K)
 Metaspace       used 88621K, capacity 90709K, committed 90972K, reserved 1128448K
  class space    used 11385K, capacity 12162K, committed 12288K, reserved 1048576K
}
Event: 17,593 GC heap after
{Heap after GC invocations=21 (full 0):
 garbage-first heap   total 244736K, used 99840K [0x0000000080000000, 0x0000000100000000)
  region size 1024K, 15 young (15360K), 15 survivors (15360K)
 Metaspace       used 88621K, capacity 90709K, committed 90972K, reserved 1128448K
  class space    used 11385K, capacity 12162K, committed 12288K, reserved 1048576K
}
Event: 18,301 GC heap before
{Heap before GC invocations=21 (full 0):
 garbage-first heap   total 244736K, used 183808K [0x0000000080000000, 0x0000000100000000)
  region size 1024K, 95 young (97280K), 15 survivors (15360K)
 Metaspace       used 91716K, capacity 93853K, committed 94044K, reserved 1130496K
  class space    used 11739K, capacity 12523K, committed 12544K, reserved 1048576K
}
Event: 18,325 GC heap after
{Heap after GC invocations=22 (full 0):
 garbage-first heap   total 297984K, used 100352K [0x0000000080000000, 0x0000000100000000)
  region size 1024K, 2 young (2048K), 2 survivors (2048K)
 Metaspace       used 91716K, capacity 93853K, committed 94044K, reserved 1130496K
  class space    used 11739K, capacity 12523K, committed 12544K, reserved 1048576K
}
Event: 19,845 GC heap before
{Heap before GC invocations=22 (full 0):
 garbage-first heap   total 297984K, used 219136K [0x0000000080000000, 0x0000000100000000)
  region size 1024K, 104 young (106496K), 2 survivors (2048K)
 Metaspace       used 97712K, capacity 99850K, committed 100188K, reserved 1136640K
  class space    used 12226K, capacity 13003K, committed 13056K, reserved 1048576K
}
Event: 19,905 GC heap after
{Heap after GC invocations=23 (full 0):
 garbage-first heap   total 297984K, used 103376K [0x0000000080000000, 0x0000000100000000)
  region size 1024K, 5 young (5120K), 5 survivors (5120K)
 Metaspace       used 97712K, capacity 99850K, committed 100188K, reserved 1136640K
  class space    used 12226K, capacity 13003K, committed 13056K, reserved 1048576K
}
Event: 21,450 GC heap before
{Heap before GC invocations=23 (full 0):
 garbage-first heap   total 297984K, used 211920K [0x0000000080000000, 0x0000000100000000)
  region size 1024K, 111 young (113664K), 5 survivors (5120K)
 Metaspace       used 101021K, capacity 103330K, committed 103772K, reserved 1140736K
  class space    used 12624K, capacity 13470K, committed 13568K, reserved 1048576K
}
Event: 21,473 GC heap after
{Heap after GC invocations=24 (full 0):
 garbage-first heap   total 297984K, used 108462K [0x0000000080000000, 0x0000000100000000)
  region size 1024K, 10 young (10240K), 10 survivors (10240K)
 Metaspace       used 101021K, capacity 103330K, committed 103772K, reserved 1140736K
  class space    used 12624K, capacity 13470K, committed 13568K, reserved 1048576K
}
Event: 23,928 GC heap before
{Heap before GC invocations=24 (full 0):
 garbage-first heap   total 297984K, used 221102K [0x0000000080000000, 0x0000000100000000)
  region size 1024K, 121 young (123904K), 10 survivors (10240K)
 Metaspace       used 104000K, capacity 106269K, committed 106588K, reserved 1142784K
  class space    used 12948K, capacity 13779K, committed 13824K, reserved 1048576K
}
Event: 23,959 GC heap after
{Heap after GC invocations=25 (full 0):
 garbage-first heap   total 297984K, used 115449K [0x0000000080000000, 0x0000000100000000)
  region size 1024K, 15 young (15360K), 15 survivors (15360K)
 Metaspace       used 104000K, capacity 106269K, committed 106588K, reserved 1142784K
  class space    used 12948K, capacity 13779K, committed 13824K, reserved 1048576K
}
Event: 25,158 GC heap before
{Heap before GC invocations=25 (full 0):
 garbage-first heap   total 297984K, used 229113K [0x0000000080000000, 0x0000000100000000)
  region size 1024K, 127 young (130048K), 15 survivors (15360K)
 Metaspace       used 106924K, capacity 109312K, committed 109788K, reserved 1144832K
  class space    used 13298K, capacity 14151K, committed 14208K, reserved 1048576K
}
Event: 25,238 GC heap after
{Heap after GC invocations=26 (full 0):
 garbage-first heap   total 297984K, used 122308K [0x0000000080000000, 0x0000000100000000)
  region size 1024K, 14 young (14336K), 14 survivors (14336K)
 Metaspace       used 106924K, capacity 109312K, committed 109788K, reserved 1144832K
  class space    used 13298K, capacity 14151K, committed 14208K, reserved 1048576K
}
Event: 25,937 GC heap before
{Heap before GC invocations=26 (full 0):
 garbage-first heap   total 297984K, used 233924K [0x0000000080000000, 0x0000000100000000)
  region size 1024K, 123 young (125952K), 14 survivors (14336K)
 Metaspace       used 107231K, capacity 109556K, committed 109788K, reserved 1144832K
  class space    used 13332K, capacity 14185K, committed 14208K, reserved 1048576K
}
Event: 25,987 GC heap after
{Heap after GC invocations=27 (full 0):
 garbage-first heap   total 297984K, used 123392K [0x0000000080000000, 0x0000000100000000)
  region size 1024K, 9 young (9216K), 9 survivors (9216K)
 Metaspace       used 107231K, capacity 109556K, committed 109788K, reserved 1144832K
  class space    used 13332K, capacity 14185K, committed 14208K, reserved 1048576K
}
Event: 26,502 GC heap before
{Heap before GC invocations=27 (full 0):
 garbage-first heap   total 297984K, used 237056K [0x0000000080000000, 0x0000000100000000)
  region size 1024K, 120 young (122880K), 9 survivors (9216K)
 Metaspace       used 107232K, capacity 109556K, committed 109788K, reserved 1144832K
  class space    used 13332K, capacity 14185K, committed 14208K, reserved 1048576K
}
Event: 26,518 GC heap after
{Heap after GC invocations=28 (full 0):
 garbage-first heap   total 297984K, used 123904K [0x0000000080000000, 0x0000000100000000)
  region size 1024K, 2 young (2048K), 2 survivors (2048K)
 Metaspace       used 107232K, capacity 109556K, committed 109788K, reserved 1144832K
  class space    used 13332K, capacity 14185K, committed 14208K, reserved 1048576K
}
Event: 140,217 GC heap before
{Heap before GC invocations=28 (full 0):
 garbage-first heap   total 297984K, used 238592K [0x0000000080000000, 0x0000000100000000)
  region size 1024K, 115 young (117760K), 2 survivors (2048K)
 Metaspace       used 109561K, capacity 112106K, committed 112348K, reserved 1146880K
  class space    used 13675K, capacity 14621K, committed 14720K, reserved 1048576K
}
Event: 142,325 GC heap after
{Heap after GC invocations=29 (full 0):
 garbage-first heap   total 297984K, used 125337K [0x0000000080000000, 0x0000000100000000)
  region size 1024K, 3 young (3072K), 3 survivors (3072K)
 Metaspace       used 109561K, capacity 112106K, committed 112348K, reserved 1146880K
  class space    used 13675K, capacity 14621K, committed 14720K, reserved 1048576K
}
Event: 150,431 GC heap before
{Heap before GC invocations=29 (full 0):
 garbage-first heap   total 297984K, used 135577K [0x0000000080000000, 0x0000000100000000)
  region size 1024K, 14 young (14336K), 3 survivors (3072K)
 Metaspace       used 109611K, capacity 112116K, committed 112348K, reserved 1146880K
  class space    used 13684K, capacity 14625K, committed 14720K, reserved 1048576K
}

