# JRE version: OpenJDK Runtime Environment (11.0.11) (build 11.0.11+0-b60-7590822)
# Java VM: OpenJDK 64-Bit Server VM (11.0.11+0-b60-7590822, mixed mode, tiered, compressed oops, g1 gc, linux-amd64)
Heap:
 garbage-first heap   total 476160K, used 256512K [0x0000000080000000, 0x0000000100000000)
  region size 1024K, 3 young (3072K), 3 survivors (3072K)
 Metaspace       used 129004K, capacity 132558K, committed 132688K, reserved 1165312K
  class space    used 16178K, capacity 17491K, committed 17536K, reserved 1048576K
GC Heap History (20 events):
Event: 52,902 GC heap after
{Heap after GC invocations=32 (full 0):
 garbage-first heap   total 353280K, used 206336K [0x0000000080000000, 0x0000000100000000)
  region size 1024K, 14 young (14336K), 14 survivors (14336K)
 Metaspace       used 124731K, capacity 127760K, committed 128080K, reserved 1161216K
  class space    used 15533K, capacity 16644K, committed 16768K, reserved 1048576K
}
Event: 53,225 GC heap before
{Heap before GC invocations=32 (full 0):
 garbage-first heap   total 353280K, used 272896K [0x0000000080000000, 0x0000000100000000)
  region size 1024K, 79 young (80896K), 14 survivors (14336K)
 Metaspace       used 125554K, capacity 128678K, committed 128976K, reserved 1161216K
  class space    used 15659K, capacity 16822K, committed 16896K, reserved 1048576K
}
Event: 53,296 GC heap after
{Heap after GC invocations=33 (full 0):
 garbage-first heap   total 353280K, used 230912K [0x0000000080000000, 0x0000000100000000)
  region size 1024K, 10 young (10240K), 10 survivors (10240K)
 Metaspace       used 125554K, capacity 128678K, committed 128976K, reserved 1161216K
  class space    used 15659K, capacity 16822K, committed 16896K, reserved 1048576K
}
Event: 53,577 GC heap before
{Heap before GC invocations=33 (full 0):
 garbage-first heap   total 353280K, used 281088K [0x0000000080000000, 0x0000000100000000)
  region size 1024K, 59 young (60416K), 10 survivors (10240K)
 Metaspace       used 125575K, capacity 128678K, committed 128976K, reserved 1161216K
  class space    used 15659K, capacity 16822K, committed 16896K, reserved 1048576K
}
Event: 53,627 GC heap after
{Heap after GC invocations=34 (full 0):
 garbage-first heap   total 353280K, used 254976K [0x0000000080000000, 0x0000000100000000)
  region size 1024K, 8 young (8192K), 8 survivors (8192K)
 Metaspace       used 125575K, capacity 128678K, committed 128976K, reserved 1161216K
  class space    used 15659K, capacity 16822K, committed 16896K, reserved 1048576K
}
Event: 53,836 GC heap before
{Heap before GC invocations=34 (full 0):
 garbage-first heap   total 353280K, used 249856K [0x0000000080000000, 0x0000000100000000)
  region size 1024K, 42 young (43008K), 8 survivors (8192K)
 Metaspace       used 125592K, capacity 128687K, committed 128976K, reserved 1161216K
  class space    used 15661K, capacity 16825K, committed 16896K, reserved 1048576K
}
Event: 53,881 GC heap after
{Heap after GC invocations=35 (full 0):
 garbage-first heap   total 353280K, used 240640K [0x0000000080000000, 0x0000000100000000)
  region size 1024K, 6 young (6144K), 6 survivors (6144K)
 Metaspace       used 125592K, capacity 128687K, committed 128976K, reserved 1161216K
  class space    used 15661K, capacity 16825K, committed 16896K, reserved 1048576K
}
Event: 54,453 GC heap before
{Heap before GC invocations=36 (full 0):
 garbage-first heap   total 353280K, used 274432K [0x0000000080000000, 0x0000000100000000)
  region size 1024K, 39 young (39936K), 6 survivors (6144K)
 Metaspace       used 127503K, capacity 130894K, committed 131152K, reserved 1163264K
  class space    used 15947K, capacity 17197K, committed 17280K, reserved 1048576K
}
Event: 54,478 GC heap after
{Heap after GC invocations=37 (full 0):
 garbage-first heap   total 353280K, used 246784K [0x0000000080000000, 0x0000000100000000)
  region size 1024K, 5 young (5120K), 5 survivors (5120K)
 Metaspace       used 127503K, capacity 130894K, committed 131152K, reserved 1163264K
  class space    used 15947K, capacity 17197K, committed 17280K, reserved 1048576K
}
Event: 54,729 GC heap before
{Heap before GC invocations=37 (full 0):
 garbage-first heap   total 353280K, used 259072K [0x0000000080000000, 0x0000000100000000)
  region size 1024K, 17 young (17408K), 5 survivors (5120K)
 Metaspace       used 128804K, capacity 132406K, committed 132688K, reserved 1165312K
  class space    used 16174K, capacity 17488K, committed 17536K, reserved 1048576K
}
Event: 54,767 GC heap after
{Heap after GC invocations=38 (full 0):
 garbage-first heap   total 353280K, used 243704K [0x0000000080000000, 0x0000000100000000)
  region size 1024K, 2 young (2048K), 2 survivors (2048K)
 Metaspace       used 128804K, capacity 132406K, committed 132688K, reserved 1165312K
  class space    used 16174K, capacity 17488K, committed 17536K, reserved 1048576K
}
Event: 55,084 GC heap before
{Heap before GC invocations=38 (full 0):
 garbage-first heap   total 353280K, used 278520K [0x0000000080000000, 0x0000000100000000)
  region size 1024K, 36 young (36864K), 2 survivors (2048K)
 Metaspace       used 128925K, capacity 132477K, committed 132688K, reserved 1165312K
  class space    used 16175K, capacity 17489K, committed 17536K, reserved 1048576K
}
Event: 55,120 GC heap after
{Heap after GC invocations=39 (full 0):
 garbage-first heap   total 353280K, used 243884K [0x0000000080000000, 0x0000000100000000)
  region size 1024K, 2 young (2048K), 2 survivors (2048K)
 Metaspace       used 128925K, capacity 132477K, committed 132688K, reserved 1165312K
  class space    used 16175K, capacity 17489K, committed 17536K, reserved 1048576K
}
Event: 55,286 GC heap before
{Heap before GC invocations=39 (full 0):
 garbage-first heap   total 353280K, used 281772K [0x0000000080000000, 0x0000000100000000)
  region size 1024K, 39 young (39936K), 2 survivors (2048K)
 Metaspace       used 128946K, capacity 132489K, committed 132688K, reserved 1165312K
  class space    used 16176K, capacity 17491K, committed 17536K, reserved 1048576K
}
Event: 55,325 GC heap after
{Heap after GC invocations=40 (full 0):
 garbage-first heap   total 353280K, used 271837K [0x0000000080000000, 0x0000000100000000)
  region size 1024K, 5 young (5120K), 5 survivors (5120K)
 Metaspace       used 128946K, capacity 132489K, committed 132688K, reserved 1165312K
  class space    used 16176K, capacity 17491K, committed 17536K, reserved 1048576K
}
Event: 55,394 GC heap before
{Heap before GC invocations=40 (full 0):
 garbage-first heap   total 353280K, used 292317K [0x0000000080000000, 0x0000000100000000)
  region size 1024K, 25 young (25600K), 5 survivors (5120K)
 Metaspace       used 128961K, capacity 132493K, committed 132688K, reserved 1165312K
  class space    used 16176K, capacity 17491K, committed 17536K, reserved 1048576K
}
Event: 55,420 GC heap after
{Heap after GC invocations=41 (full 0):
 garbage-first heap   total 353280K, used 276992K [0x0000000080000000, 0x0000000100000000)
  region size 1024K, 4 young (4096K), 4 survivors (4096K)
 Metaspace       used 128961K, capacity 132493K, committed 132688K, reserved 1165312K
  class space    used 16176K, capacity 17491K, committed 17536K, reserved 1048576K
}
Event: 55,482 GC heap before
{Heap before GC invocations=41 (full 0):
 garbage-first heap   total 353280K, used 296448K [0x0000000080000000, 0x0000000100000000)
  region size 1024K, 23 young (23552K), 4 survivors (4096K)
 Metaspace       used 128963K, capacity 132494K, committed 132688K, reserved 1165312K
  class space    used 16176K, capacity 17491K, committed 17536K, reserved 1048576K
}
Event: 55,508 GC heap after
{Heap after GC invocations=42 (full 0):
 garbage-first heap   total 353280K, used 295936K [0x0000000080000000, 0x0000000100000000)
  region size 1024K, 3 young (3072K), 3 survivors (3072K)
 Metaspace       used 128963K, capacity 132494K, committed 132688K, reserved 1165312K
  class space    used 16176K, capacity 17491K, committed 17536K, reserved 1048576K
}
Event: 55,717 GC heap before
{Heap before GC invocations=42 (full 0):
 garbage-first heap   total 353280K, used 263168K [0x0000000080000000, 0x0000000100000000)
  region size 1024K, 17 young (17408K), 3 survivors (3072K)
 Metaspace       used 129004K, capacity 132558K, committed 132688K, reserved 1165312K
  class space    used 16178K, capacity 17491K, committed 17536K, reserved 1048576K
}

